[debug] [2025-09-13T10:02:59.550Z] ----------------------------------------------------------------------
[debug] [2025-09-13T10:02:59.554Z] Command:       C:\Program Files\nodejs\node.exe C:\Users\USER\AppData\Roaming\npm\node_modules\firebase-tools\lib\bin\firebase.js deploy
[debug] [2025-09-13T10:02:59.554Z] CLI Version:   14.2.0
[debug] [2025-09-13T10:02:59.555Z] Platform:      win32
[debug] [2025-09-13T10:02:59.555Z] Node Version:  v22.14.0
[debug] [2025-09-13T10:02:59.555Z] Time:          Sat Sep 13 2025 15:32:59 GMT+0530 (India Standard Time)
[debug] [2025-09-13T10:02:59.555Z] ----------------------------------------------------------------------
[debug] 
[debug] [2025-09-13T10:02:59.560Z] >>> [apiv2][query] GET https://firebase-public.firebaseio.com/cli.json [none]
[debug] [2025-09-13T10:02:59.898Z] > command requires scopes: ["email","openid","https://www.googleapis.com/auth/cloudplatformprojects.readonly","https://www.googleapis.com/auth/firebase","https://www.googleapis.com/auth/cloud-platform"]
[debug] [2025-09-13T10:02:59.899Z] > authorizing via signed-in user (bharathkrishnakichu@gmail.com)
[debug] [2025-09-13T10:02:59.899Z] [iam] checking project bkportfolio for permissions ["firebase.projects.get","firebasehosting.sites.update"]
[debug] [2025-09-13T10:02:59.900Z] Checked if tokens are valid: false, expires at: 1757618565456
[debug] [2025-09-13T10:02:59.900Z] Checked if tokens are valid: false, expires at: 1757618565456
[debug] [2025-09-13T10:02:59.901Z] > refreshing access token with scopes: []
[debug] [2025-09-13T10:02:59.902Z] >>> [apiv2][query] POST https://www.googleapis.com/oauth2/v3/token [none]
[debug] [2025-09-13T10:02:59.902Z] >>> [apiv2][body] POST https://www.googleapis.com/oauth2/v3/token [omitted]
[debug] [2025-09-13T10:03:00.189Z] <<< [apiv2][status] POST https://www.googleapis.com/oauth2/v3/token 200
[debug] [2025-09-13T10:03:00.189Z] <<< [apiv2][body] POST https://www.googleapis.com/oauth2/v3/token [omitted]
[debug] [2025-09-13T10:03:00.218Z] >>> [apiv2][query] POST https://cloudresourcemanager.googleapis.com/v1/projects/bkportfolio:testIamPermissions [none]
[debug] [2025-09-13T10:03:00.219Z] >>> [apiv2][(partial)header] POST https://cloudresourcemanager.googleapis.com/v1/projects/bkportfolio:testIamPermissions x-goog-quota-user=projects/bkportfolio
[debug] [2025-09-13T10:03:00.219Z] >>> [apiv2][body] POST https://cloudresourcemanager.googleapis.com/v1/projects/bkportfolio:testIamPermissions {"permissions":["firebase.projects.get","firebasehosting.sites.update"]}
[debug] [2025-09-13T10:03:00.705Z] <<< [apiv2][status] GET https://firebase-public.firebaseio.com/cli.json 200
[debug] [2025-09-13T10:03:00.705Z] <<< [apiv2][body] GET https://firebase-public.firebaseio.com/cli.json {"cloudBuildErrorAfter":1594252800000,"cloudBuildWarnAfter":1590019200000,"defaultNode10After":1594252800000,"minVersion":"3.0.5","node8DeploysDisabledAfter":1613390400000,"node8RuntimeDisabledAfter":1615809600000,"node8WarnAfter":1600128000000}
[debug] [2025-09-13T10:03:01.780Z] <<< [apiv2][status] POST https://cloudresourcemanager.googleapis.com/v1/projects/bkportfolio:testIamPermissions 200
[debug] [2025-09-13T10:03:01.781Z] <<< [apiv2][body] POST https://cloudresourcemanager.googleapis.com/v1/projects/bkportfolio:testIamPermissions {"permissions":["firebase.projects.get","firebasehosting.sites.update"]}
[debug] [2025-09-13T10:03:01.783Z] Checked if tokens are valid: true, expires at: 1757761379190
[debug] [2025-09-13T10:03:01.783Z] Checked if tokens are valid: true, expires at: 1757761379190
[debug] [2025-09-13T10:03:01.785Z] >>> [apiv2][query] GET https://firebase.googleapis.com/v1beta1/projects/bkportfolio [none]
[debug] [2025-09-13T10:03:03.314Z] <<< [apiv2][status] GET https://firebase.googleapis.com/v1beta1/projects/bkportfolio 200
[debug] [2025-09-13T10:03:03.315Z] <<< [apiv2][body] GET https://firebase.googleapis.com/v1beta1/projects/bkportfolio {"projectId":"bkportfolio","projectNumber":"154234044529","displayName":"bkportfolio","name":"projects/bkportfolio","resources":{"hostingSite":"bkportfolio"},"state":"ACTIVE","etag":"1_6b1104b2-777a-4f11-aa31-1ca0759cb62a"}
[info] 
[info] === Deploying to 'bkportfolio'...
[info] 
[info] i  deploying hosting 
[debug] [2025-09-13T10:03:03.331Z] Checked if tokens are valid: true, expires at: 1757761379190
[debug] [2025-09-13T10:03:03.331Z] Checked if tokens are valid: true, expires at: 1757761379190
[debug] [2025-09-13T10:03:03.332Z] >>> [apiv2][query] POST https://firebasehosting.googleapis.com/v1beta1/projects/-/sites/bkportfolio/versions [none]
[debug] [2025-09-13T10:03:03.332Z] >>> [apiv2][body] POST https://firebasehosting.googleapis.com/v1beta1/projects/-/sites/bkportfolio/versions {"status":"CREATED","labels":{"deployment-tool":"cli-firebase"}}
[debug] [2025-09-13T10:03:04.820Z] <<< [apiv2][status] POST https://firebasehosting.googleapis.com/v1beta1/projects/-/sites/bkportfolio/versions 200
[debug] [2025-09-13T10:03:04.820Z] <<< [apiv2][body] POST https://firebasehosting.googleapis.com/v1beta1/projects/-/sites/bkportfolio/versions {"name":"projects/154234044529/sites/bkportfolio/versions/c48f5fcc87077423","status":"CREATED","config":{},"labels":{"deployment-tool":"cli-firebase"}}
[info] i  hosting[bkportfolio]: beginning deploy... 
[info] i  hosting[bkportfolio]: found 43 files in out 
[debug] [2025-09-13T10:03:04.852Z] [hosting] uploading with 200 concurrency
[debug] [2025-09-13T10:03:05.048Z] Checked if tokens are valid: true, expires at: 1757761379190
[debug] [2025-09-13T10:03:05.048Z] Checked if tokens are valid: true, expires at: 1757761379190
[debug] [2025-09-13T10:03:05.049Z] [hosting] hash cache [b3V0] stored for 43 files
[debug] [2025-09-13T10:03:05.049Z] [hosting][hash queue][FINAL] {"max":184,"min":0,"avg":22.279069767441857,"active":0,"complete":43,"success":43,"errored":0,"retried":0,"total":43,"elapsed":189}
[debug] [2025-09-13T10:03:05.050Z] >>> [apiv2][query] POST https://firebasehosting.googleapis.com/v1beta1/projects/154234044529/sites/bkportfolio/versions/c48f5fcc87077423:populateFiles [none]
[debug] [2025-09-13T10:03:05.050Z] >>> [apiv2][body] POST https://firebasehosting.googleapis.com/v1beta1/projects/154234044529/sites/bkportfolio/versions/c48f5fcc87077423:populateFiles {"files":{"/O.png":"8d0aea806b9c45d677e8dedb1515099347860bd7ac9a6af73b738192a6aacd27","/favicon.ico":"1f6853124fe4278e747ed820f46282f208b45bd97447b7bf85e472335da5cbc0","/diagonal-noise.png":"64e67b18088c17f1e1f7d5123335a047dae92d266144721deb4364b16841d8e0","/Artworks/John Martin/image5.jpeg":"5876300e19c2face5d9d775f5bd2d603db5b5f444fbb4862083a46b5ac68b1b2","/Artworks/John Martin/image4.png":"ef85c6a582caafbbfde4c559662ad0e5ad14f536b44d5146b94b06b8bcc5a3ac","/Artworks/John Martin/image3.png":"c85b2144651f2a7f5faf743c7549b5384910c148a830818f7b0abfc29d31cb59","/Artworks/John Martin/image2.png":"b32822fb1ac52c21b951c01c2172ba2b2f45eb24c3d7d54154d76c984fdcf9b5","/Artworks/John Martin/image1.png":"b0778fac7c24e66ab82658fae18cbdabbbf1eda448593cea77818979984b8764","/Artworks/Caspar David Friedrich/image5.jpeg":"6a341622cd918ceff44adb982c11ee6185679f6a354a2065255acbf5fcf0f83e","/Artworks/Caspar David Friedrich/image4.jpeg":"308ceed6400a6d414f167f680e81200fa2de1057daf4df85ea0e63327c56f6e7","/Artworks/Caspar David Friedrich/image3.jpeg":"7c0851daeb13ea03c24d76af5d425bba14b041347e1fe68c1f9be52de3319104","/Artworks/Caspar David Friedrich/image2.jpeg":"1a64d1b818a816520e73d3d61c881445bb98515028818482fe6618ef80b1cd55","/Artworks/Caspar David Friedrich/image1.jpeg":"a09823333bd802207b98a8d39a5b0b28ef23e03c83683577999c1a2dc20ba071","/index.txt":"6c501a10c87e42fcab3602673387bf93d6a85ffcb5ad13d80ad1120a30a907f1","/_next/static/NyWNsbkuqv4F3L2z3a4j-/_ssgManifest.js":"dc28a4dc92fe352ed5d2201bd3972ce47691bc8e89e0400a68d1541d0567c6d5","/index.html":"bcbe6d1b32068459ec6a48974254bcc955d3f9d2c6447f74aedd83acc1366b01","/404.html":"40e19e66a78ad86b589dc3ede39555feb9dc89b966817de665b7adc1d36cb72b","/_next/static/NyWNsbkuqv4F3L2z3a4j-/_buildManifest.js":"32b4c5842847903806ed76466c41be44bbd22f26651579f9e465c4955a1f2d28","/_next/static/media/b5ee789b512e4d1b-s.woff2":"fdacd6ca2f2e5edbec3af2b7edad71eb675e3a8cbdff16e362268fe4064a99ae","/_next/static/media/90da053edc2b7de3-s.woff2":"52a7da6312a8bea69c0309967e7292443d2e11eb839fe707f02eeb94b44fa3ff","/_next/static/media/84602850c8fd81c3-s.woff2":"c57d18c6d0d013806e50396b7cdebf9d8d0452db4e5f0e5a24b78657d87a3d63","/_next/static/chunks/main-app-6ef63e2d619b5f6f.js":"aee12913cf136680178dee98d57139192aecf86e5f16c03b72dfec70054406f9","/_next/static/chunks/webpack-02efc130bb0bea00.js":"be16b5be6177adcc21a3b44074548e74b4c3641e7f5a460c97dded3355c937b4","/_next/static/css/89396e293e143891.css":"c3c39f8bf6e173f5342d7756424afc2a72235381c46446706c74c2cb44fa14a5","/_next/static/chunks/53c13509-d40ee21cdfe249e5.js":"2402f916fbe6c687cb15b5b9c4b91ae34a919f306d3d6dfb0d96128347fe3d48","/_next/static/chunks/pages/_error-91a5938854a6f402.js":"8a4f061419c75f7790dc52140becd8061ebca1a551d784ed7665d70e33dff05f","/_next/static/chunks/pages/_app-27277a117f49dcf1.js":"de15c2648803c44f670abc092b22ce4dc64b3c79b860ed721204a821ddba478f","/_next/static/chunks/app/_not-found-a9a4d315283f7353.js":"7fc143302f97d78d5f8b9ec781f642bfbbc1933968613ac5f5f05c36db7bebec","/_next/static/chunks/app/page-4d0dc38bf1a36e28.js":"40428924fe90f08d5c653fd32f62f0d3aa41b933d41170f79c54342f53910f8c","/_next/static/chunks/app/layout-8c4973ab95d3f00c.js":"5b3c56edf7d512e2c479cb83068430ba9ca1c5e539888a31cec33947cecfde1e","/_next/static/media/627d916fd739a539-s.woff2":"53177942032e848947d506b337b8ff24c4c60e5921d50eaddfa79dd6027f98d1","/_next/static/media/2c07349e02a7b712-s.woff2":"d7759fe47c47c8fba155b669f49fd01484ef7830b0e1f286b973bafc5a57e31e","/_next/static/media/24c15609eaa28576-s.woff2":"aba3b9241181c5cdb25e5ed79ba65cf6acf3bb4aab06770f2f7ad4061dad27e7","/_next/static/media/74c003a2abab0c4f-s.woff2":"f1e6b4888cbbabb86c35e285a232276e208e5ea26ad3a28228ce6d20095fe8b0","/_next/static/media/ac3b7908202f8517-s.woff2":"2b1f0d37796b86bfc6be0c6a8654fec9c378653aefaed2938569c19073cdbeee","/_next/static/chunks/721-3561ffedff4192a2.js":"e641674cfb1914f8e4a2e66c0becbcd066dea9e01f1e14d38e47c4f393d433be","/_next/static/media/47cbc4e2adbc5db9-s.p.woff2":"0b9b6ca9be5e45cca0e6fb9c4efa8ce09738af86e6f610ba6ce557eced6d1353","/_next/static/chunks/polyfills-c67a75d1b6f99dc8.js":"b3f8382f31c34463ad628cbba6015e17e7bbe35b09328e794fc8bb8a634534a9","/_next/static/chunks/main-c12c98a320727984.js":"83e986b956a5cd41cade5019a9b60b75c97072b665707acc1beeeeff2b97b5d7","/_next/static/chunks/864-d2b1333e95fbf622.js":"c7d446eef69be66066bd487d7a7be0ff9090727c28127ab100f8db2c8f9c853f","/_next/static/chunks/framework-8883d1e9be70c3da.js":"5cfc2417f64ce456f19218b2cf5778099dddd17a11b52fbb26f179135ca4fdef","/_next/static/chunks/fd9d1056-82bbf32431bcf29d.js":"bef53e70234ddfe250298911ba947fe2971d2979bf37978ec973b5e045772aa8","/IMG_20221016_175013.jpg":"66d820954c56634e4c7988e602b013ddb861bef5c0995caa9f981e9cd9aed233"}}
[debug] [2025-09-13T10:03:05.790Z] <<< [apiv2][status] POST https://firebasehosting.googleapis.com/v1beta1/projects/154234044529/sites/bkportfolio/versions/c48f5fcc87077423:populateFiles 200
[debug] [2025-09-13T10:03:05.791Z] <<< [apiv2][body] POST https://firebasehosting.googleapis.com/v1beta1/projects/154234044529/sites/bkportfolio/versions/c48f5fcc87077423:populateFiles {"uploadRequiredHashes":["40e19e66a78ad86b589dc3ede39555feb9dc89b966817de665b7adc1d36cb72b","6c501a10c87e42fcab3602673387bf93d6a85ffcb5ad13d80ad1120a30a907f1","fdacd6ca2f2e5edbec3af2b7edad71eb675e3a8cbdff16e362268fe4064a99ae","2402f916fbe6c687cb15b5b9c4b91ae34a919f306d3d6dfb0d96128347fe3d48","52a7da6312a8bea69c0309967e7292443d2e11eb839fe707f02eeb94b44fa3ff","d7759fe47c47c8fba155b669f49fd01484ef7830b0e1f286b973bafc5a57e31e","66d820954c56634e4c7988e602b013ddb861bef5c0995caa9f981e9cd9aed233","2b1f0d37796b86bfc6be0c6a8654fec9c378653aefaed2938569c19073cdbeee","0b9b6ca9be5e45cca0e6fb9c4efa8ce09738af86e6f610ba6ce557eced6d1353","c3c39f8bf6e173f5342d7756424afc2a72235381c46446706c74c2cb44fa14a5","c57d18c6d0d013806e50396b7cdebf9d8d0452db4e5f0e5a24b78657d87a3d63","aba3b9241181c5cdb25e5ed79ba65cf6acf3bb4aab06770f2f7ad4061dad27e7","53177942032e848947d506b337b8ff24c4c60e5921d50eaddfa79dd6027f98d1","bcbe6d1b32068459ec6a48974254bcc955d3f9d2c6447f74aedd83acc1366b01","f1e6b4888cbbabb86c35e285a232276e208e5ea26ad3a28228ce6d20095fe8b0","5b3c56edf7d512e2c479cb83068430ba9ca1c5e539888a31cec33947cecfde1e","40428924fe90f08d5c653fd32f62f0d3aa41b933d41170f79c54342f53910f8c","e641674cfb1914f8e4a2e66c0becbcd066dea9e01f1e14d38e47c4f393d433be","be16b5be6177adcc21a3b44074548e74b4c3641e7f5a460c97dded3355c937b4"],"uploadUrl":"https://upload-firebasehosting.googleapis.com/upload/sites/bkportfolio/versions/c48f5fcc87077423/files"}
[debug] [2025-09-13T10:03:05.793Z] Checked if tokens are valid: true, expires at: 1757761379190
[debug] [2025-09-13T10:03:05.793Z] Checked if tokens are valid: true, expires at: 1757761379190
[debug] [2025-09-13T10:03:05.794Z] Checked if tokens are valid: true, expires at: 1757761379190
[debug] [2025-09-13T10:03:05.794Z] Checked if tokens are valid: true, expires at: 1757761379190
[debug] [2025-09-13T10:03:05.795Z] Checked if tokens are valid: true, expires at: 1757761379190
[debug] [2025-09-13T10:03:05.795Z] Checked if tokens are valid: true, expires at: 1757761379190
[debug] [2025-09-13T10:03:05.796Z] Checked if tokens are valid: true, expires at: 1757761379190
[debug] [2025-09-13T10:03:05.796Z] Checked if tokens are valid: true, expires at: 1757761379190
[debug] [2025-09-13T10:03:05.796Z] Checked if tokens are valid: true, expires at: 1757761379190
[debug] [2025-09-13T10:03:05.797Z] Checked if tokens are valid: true, expires at: 1757761379190
[debug] [2025-09-13T10:03:05.798Z] Checked if tokens are valid: true, expires at: 1757761379190
[debug] [2025-09-13T10:03:05.798Z] Checked if tokens are valid: true, expires at: 1757761379190
[debug] [2025-09-13T10:03:05.799Z] Checked if tokens are valid: true, expires at: 1757761379190
[debug] [2025-09-13T10:03:05.799Z] Checked if tokens are valid: true, expires at: 1757761379190
[debug] [2025-09-13T10:03:05.800Z] Checked if tokens are valid: true, expires at: 1757761379190
[debug] [2025-09-13T10:03:05.800Z] Checked if tokens are valid: true, expires at: 1757761379190
[debug] [2025-09-13T10:03:05.801Z] Checked if tokens are valid: true, expires at: 1757761379190
[debug] [2025-09-13T10:03:05.801Z] Checked if tokens are valid: true, expires at: 1757761379190
[debug] [2025-09-13T10:03:05.802Z] Checked if tokens are valid: true, expires at: 1757761379190
[debug] [2025-09-13T10:03:05.802Z] Checked if tokens are valid: true, expires at: 1757761379190
[debug] [2025-09-13T10:03:05.803Z] Checked if tokens are valid: true, expires at: 1757761379190
[debug] [2025-09-13T10:03:05.803Z] Checked if tokens are valid: true, expires at: 1757761379190
[debug] [2025-09-13T10:03:05.804Z] Checked if tokens are valid: true, expires at: 1757761379190
[debug] [2025-09-13T10:03:05.804Z] Checked if tokens are valid: true, expires at: 1757761379190
[debug] [2025-09-13T10:03:05.805Z] Checked if tokens are valid: true, expires at: 1757761379190
[debug] [2025-09-13T10:03:05.805Z] Checked if tokens are valid: true, expires at: 1757761379190
[debug] [2025-09-13T10:03:05.805Z] Checked if tokens are valid: true, expires at: 1757761379190
[debug] [2025-09-13T10:03:05.806Z] Checked if tokens are valid: true, expires at: 1757761379190
[debug] [2025-09-13T10:03:05.806Z] Checked if tokens are valid: true, expires at: 1757761379190
[debug] [2025-09-13T10:03:05.806Z] Checked if tokens are valid: true, expires at: 1757761379190
[debug] [2025-09-13T10:03:05.807Z] Checked if tokens are valid: true, expires at: 1757761379190
[debug] [2025-09-13T10:03:05.807Z] Checked if tokens are valid: true, expires at: 1757761379190
[debug] [2025-09-13T10:03:05.808Z] Checked if tokens are valid: true, expires at: 1757761379190
[debug] [2025-09-13T10:03:05.808Z] Checked if tokens are valid: true, expires at: 1757761379190
[debug] [2025-09-13T10:03:05.809Z] Checked if tokens are valid: true, expires at: 1757761379190
[debug] [2025-09-13T10:03:05.809Z] Checked if tokens are valid: true, expires at: 1757761379190
[debug] [2025-09-13T10:03:05.811Z] Checked if tokens are valid: true, expires at: 1757761379190
[debug] [2025-09-13T10:03:05.812Z] Checked if tokens are valid: true, expires at: 1757761379190
[debug] [2025-09-13T10:03:05.813Z] >>> [apiv2][query] POST https://upload-firebasehosting.googleapis.com/upload/sites/bkportfolio/versions/c48f5fcc87077423/files/40e19e66a78ad86b589dc3ede39555feb9dc89b966817de665b7adc1d36cb72b [none]
[debug] [2025-09-13T10:03:05.813Z] >>> [apiv2][body] POST https://upload-firebasehosting.googleapis.com/upload/sites/bkportfolio/versions/c48f5fcc87077423/files/40e19e66a78ad86b589dc3ede39555feb9dc89b966817de665b7adc1d36cb72b [stream]
[debug] [2025-09-13T10:03:05.820Z] >>> [apiv2][query] POST https://upload-firebasehosting.googleapis.com/upload/sites/bkportfolio/versions/c48f5fcc87077423/files/6c501a10c87e42fcab3602673387bf93d6a85ffcb5ad13d80ad1120a30a907f1 [none]
[debug] [2025-09-13T10:03:05.821Z] >>> [apiv2][body] POST https://upload-firebasehosting.googleapis.com/upload/sites/bkportfolio/versions/c48f5fcc87077423/files/6c501a10c87e42fcab3602673387bf93d6a85ffcb5ad13d80ad1120a30a907f1 [stream]
[debug] [2025-09-13T10:03:05.828Z] >>> [apiv2][query] POST https://upload-firebasehosting.googleapis.com/upload/sites/bkportfolio/versions/c48f5fcc87077423/files/fdacd6ca2f2e5edbec3af2b7edad71eb675e3a8cbdff16e362268fe4064a99ae [none]
[debug] [2025-09-13T10:03:05.829Z] >>> [apiv2][body] POST https://upload-firebasehosting.googleapis.com/upload/sites/bkportfolio/versions/c48f5fcc87077423/files/fdacd6ca2f2e5edbec3af2b7edad71eb675e3a8cbdff16e362268fe4064a99ae [stream]
[debug] [2025-09-13T10:03:05.837Z] >>> [apiv2][query] POST https://upload-firebasehosting.googleapis.com/upload/sites/bkportfolio/versions/c48f5fcc87077423/files/2402f916fbe6c687cb15b5b9c4b91ae34a919f306d3d6dfb0d96128347fe3d48 [none]
[debug] [2025-09-13T10:03:05.837Z] >>> [apiv2][body] POST https://upload-firebasehosting.googleapis.com/upload/sites/bkportfolio/versions/c48f5fcc87077423/files/2402f916fbe6c687cb15b5b9c4b91ae34a919f306d3d6dfb0d96128347fe3d48 [stream]
[debug] [2025-09-13T10:03:05.844Z] >>> [apiv2][query] POST https://upload-firebasehosting.googleapis.com/upload/sites/bkportfolio/versions/c48f5fcc87077423/files/52a7da6312a8bea69c0309967e7292443d2e11eb839fe707f02eeb94b44fa3ff [none]
[debug] [2025-09-13T10:03:05.844Z] >>> [apiv2][body] POST https://upload-firebasehosting.googleapis.com/upload/sites/bkportfolio/versions/c48f5fcc87077423/files/52a7da6312a8bea69c0309967e7292443d2e11eb839fe707f02eeb94b44fa3ff [stream]
[debug] [2025-09-13T10:03:05.849Z] >>> [apiv2][query] POST https://upload-firebasehosting.googleapis.com/upload/sites/bkportfolio/versions/c48f5fcc87077423/files/d7759fe47c47c8fba155b669f49fd01484ef7830b0e1f286b973bafc5a57e31e [none]
[debug] [2025-09-13T10:03:05.849Z] >>> [apiv2][body] POST https://upload-firebasehosting.googleapis.com/upload/sites/bkportfolio/versions/c48f5fcc87077423/files/d7759fe47c47c8fba155b669f49fd01484ef7830b0e1f286b973bafc5a57e31e [stream]
[debug] [2025-09-13T10:03:05.852Z] >>> [apiv2][query] POST https://upload-firebasehosting.googleapis.com/upload/sites/bkportfolio/versions/c48f5fcc87077423/files/66d820954c56634e4c7988e602b013ddb861bef5c0995caa9f981e9cd9aed233 [none]
[debug] [2025-09-13T10:03:05.853Z] >>> [apiv2][body] POST https://upload-firebasehosting.googleapis.com/upload/sites/bkportfolio/versions/c48f5fcc87077423/files/66d820954c56634e4c7988e602b013ddb861bef5c0995caa9f981e9cd9aed233 [stream]
[debug] [2025-09-13T10:03:05.856Z] >>> [apiv2][query] POST https://upload-firebasehosting.googleapis.com/upload/sites/bkportfolio/versions/c48f5fcc87077423/files/2b1f0d37796b86bfc6be0c6a8654fec9c378653aefaed2938569c19073cdbeee [none]
[debug] [2025-09-13T10:03:05.856Z] >>> [apiv2][body] POST https://upload-firebasehosting.googleapis.com/upload/sites/bkportfolio/versions/c48f5fcc87077423/files/2b1f0d37796b86bfc6be0c6a8654fec9c378653aefaed2938569c19073cdbeee [stream]
[debug] [2025-09-13T10:03:05.859Z] >>> [apiv2][query] POST https://upload-firebasehosting.googleapis.com/upload/sites/bkportfolio/versions/c48f5fcc87077423/files/0b9b6ca9be5e45cca0e6fb9c4efa8ce09738af86e6f610ba6ce557eced6d1353 [none]
[debug] [2025-09-13T10:03:05.859Z] >>> [apiv2][body] POST https://upload-firebasehosting.googleapis.com/upload/sites/bkportfolio/versions/c48f5fcc87077423/files/0b9b6ca9be5e45cca0e6fb9c4efa8ce09738af86e6f610ba6ce557eced6d1353 [stream]
[debug] [2025-09-13T10:03:05.862Z] >>> [apiv2][query] POST https://upload-firebasehosting.googleapis.com/upload/sites/bkportfolio/versions/c48f5fcc87077423/files/c3c39f8bf6e173f5342d7756424afc2a72235381c46446706c74c2cb44fa14a5 [none]
[debug] [2025-09-13T10:03:05.862Z] >>> [apiv2][body] POST https://upload-firebasehosting.googleapis.com/upload/sites/bkportfolio/versions/c48f5fcc87077423/files/c3c39f8bf6e173f5342d7756424afc2a72235381c46446706c74c2cb44fa14a5 [stream]
[debug] [2025-09-13T10:03:05.866Z] >>> [apiv2][query] POST https://upload-firebasehosting.googleapis.com/upload/sites/bkportfolio/versions/c48f5fcc87077423/files/c57d18c6d0d013806e50396b7cdebf9d8d0452db4e5f0e5a24b78657d87a3d63 [none]
[debug] [2025-09-13T10:03:05.866Z] >>> [apiv2][body] POST https://upload-firebasehosting.googleapis.com/upload/sites/bkportfolio/versions/c48f5fcc87077423/files/c57d18c6d0d013806e50396b7cdebf9d8d0452db4e5f0e5a24b78657d87a3d63 [stream]
[debug] [2025-09-13T10:03:05.870Z] >>> [apiv2][query] POST https://upload-firebasehosting.googleapis.com/upload/sites/bkportfolio/versions/c48f5fcc87077423/files/aba3b9241181c5cdb25e5ed79ba65cf6acf3bb4aab06770f2f7ad4061dad27e7 [none]
[debug] [2025-09-13T10:03:05.870Z] >>> [apiv2][body] POST https://upload-firebasehosting.googleapis.com/upload/sites/bkportfolio/versions/c48f5fcc87077423/files/aba3b9241181c5cdb25e5ed79ba65cf6acf3bb4aab06770f2f7ad4061dad27e7 [stream]
[debug] [2025-09-13T10:03:05.873Z] >>> [apiv2][query] POST https://upload-firebasehosting.googleapis.com/upload/sites/bkportfolio/versions/c48f5fcc87077423/files/53177942032e848947d506b337b8ff24c4c60e5921d50eaddfa79dd6027f98d1 [none]
[debug] [2025-09-13T10:03:05.873Z] >>> [apiv2][body] POST https://upload-firebasehosting.googleapis.com/upload/sites/bkportfolio/versions/c48f5fcc87077423/files/53177942032e848947d506b337b8ff24c4c60e5921d50eaddfa79dd6027f98d1 [stream]
[debug] [2025-09-13T10:03:05.876Z] >>> [apiv2][query] POST https://upload-firebasehosting.googleapis.com/upload/sites/bkportfolio/versions/c48f5fcc87077423/files/bcbe6d1b32068459ec6a48974254bcc955d3f9d2c6447f74aedd83acc1366b01 [none]
[debug] [2025-09-13T10:03:05.876Z] >>> [apiv2][body] POST https://upload-firebasehosting.googleapis.com/upload/sites/bkportfolio/versions/c48f5fcc87077423/files/bcbe6d1b32068459ec6a48974254bcc955d3f9d2c6447f74aedd83acc1366b01 [stream]
[debug] [2025-09-13T10:03:05.879Z] >>> [apiv2][query] POST https://upload-firebasehosting.googleapis.com/upload/sites/bkportfolio/versions/c48f5fcc87077423/files/f1e6b4888cbbabb86c35e285a232276e208e5ea26ad3a28228ce6d20095fe8b0 [none]
[debug] [2025-09-13T10:03:05.879Z] >>> [apiv2][body] POST https://upload-firebasehosting.googleapis.com/upload/sites/bkportfolio/versions/c48f5fcc87077423/files/f1e6b4888cbbabb86c35e285a232276e208e5ea26ad3a28228ce6d20095fe8b0 [stream]
[debug] [2025-09-13T10:03:05.882Z] >>> [apiv2][query] POST https://upload-firebasehosting.googleapis.com/upload/sites/bkportfolio/versions/c48f5fcc87077423/files/5b3c56edf7d512e2c479cb83068430ba9ca1c5e539888a31cec33947cecfde1e [none]
[debug] [2025-09-13T10:03:05.882Z] >>> [apiv2][body] POST https://upload-firebasehosting.googleapis.com/upload/sites/bkportfolio/versions/c48f5fcc87077423/files/5b3c56edf7d512e2c479cb83068430ba9ca1c5e539888a31cec33947cecfde1e [stream]
[debug] [2025-09-13T10:03:05.885Z] >>> [apiv2][query] POST https://upload-firebasehosting.googleapis.com/upload/sites/bkportfolio/versions/c48f5fcc87077423/files/40428924fe90f08d5c653fd32f62f0d3aa41b933d41170f79c54342f53910f8c [none]
[debug] [2025-09-13T10:03:05.885Z] >>> [apiv2][body] POST https://upload-firebasehosting.googleapis.com/upload/sites/bkportfolio/versions/c48f5fcc87077423/files/40428924fe90f08d5c653fd32f62f0d3aa41b933d41170f79c54342f53910f8c [stream]
[debug] [2025-09-13T10:03:05.888Z] >>> [apiv2][query] POST https://upload-firebasehosting.googleapis.com/upload/sites/bkportfolio/versions/c48f5fcc87077423/files/e641674cfb1914f8e4a2e66c0becbcd066dea9e01f1e14d38e47c4f393d433be [none]
[debug] [2025-09-13T10:03:05.888Z] >>> [apiv2][body] POST https://upload-firebasehosting.googleapis.com/upload/sites/bkportfolio/versions/c48f5fcc87077423/files/e641674cfb1914f8e4a2e66c0becbcd066dea9e01f1e14d38e47c4f393d433be [stream]
[debug] [2025-09-13T10:03:05.891Z] >>> [apiv2][query] POST https://upload-firebasehosting.googleapis.com/upload/sites/bkportfolio/versions/c48f5fcc87077423/files/be16b5be6177adcc21a3b44074548e74b4c3641e7f5a460c97dded3355c937b4 [none]
[debug] [2025-09-13T10:03:05.891Z] >>> [apiv2][body] POST https://upload-firebasehosting.googleapis.com/upload/sites/bkportfolio/versions/c48f5fcc87077423/files/be16b5be6177adcc21a3b44074548e74b4c3641e7f5a460c97dded3355c937b4 [stream]
[debug] [2025-09-13T10:03:05.894Z] [hosting][populate queue][FINAL] {"max":765,"min":765,"avg":765,"active":0,"complete":1,"success":1,"errored":0,"retried":0,"total":1,"elapsed":847}
[debug] [2025-09-13T10:03:05.895Z] [hosting] uploads queued: 19
[debug] [2025-09-13T10:03:09.012Z] <<< [apiv2][status] POST https://upload-firebasehosting.googleapis.com/upload/sites/bkportfolio/versions/c48f5fcc87077423/files/fdacd6ca2f2e5edbec3af2b7edad71eb675e3a8cbdff16e362268fe4064a99ae 200
[debug] [2025-09-13T10:03:09.013Z] <<< [apiv2][body] POST https://upload-firebasehosting.googleapis.com/upload/sites/bkportfolio/versions/c48f5fcc87077423/files/fdacd6ca2f2e5edbec3af2b7edad71eb675e3a8cbdff16e362268fe4064a99ae [stream]
[debug] [2025-09-13T10:03:09.311Z] <<< [apiv2][status] POST https://upload-firebasehosting.googleapis.com/upload/sites/bkportfolio/versions/c48f5fcc87077423/files/40e19e66a78ad86b589dc3ede39555feb9dc89b966817de665b7adc1d36cb72b 200
[debug] [2025-09-13T10:03:09.311Z] <<< [apiv2][body] POST https://upload-firebasehosting.googleapis.com/upload/sites/bkportfolio/versions/c48f5fcc87077423/files/40e19e66a78ad86b589dc3ede39555feb9dc89b966817de665b7adc1d36cb72b [stream]
[debug] [2025-09-13T10:03:10.343Z] <<< [apiv2][status] POST https://upload-firebasehosting.googleapis.com/upload/sites/bkportfolio/versions/c48f5fcc87077423/files/6c501a10c87e42fcab3602673387bf93d6a85ffcb5ad13d80ad1120a30a907f1 200
[debug] [2025-09-13T10:03:10.343Z] <<< [apiv2][body] POST https://upload-firebasehosting.googleapis.com/upload/sites/bkportfolio/versions/c48f5fcc87077423/files/6c501a10c87e42fcab3602673387bf93d6a85ffcb5ad13d80ad1120a30a907f1 [stream]
[debug] [2025-09-13T10:03:11.278Z] <<< [apiv2][status] POST https://upload-firebasehosting.googleapis.com/upload/sites/bkportfolio/versions/c48f5fcc87077423/files/2402f916fbe6c687cb15b5b9c4b91ae34a919f306d3d6dfb0d96128347fe3d48 200
[debug] [2025-09-13T10:03:11.278Z] <<< [apiv2][body] POST https://upload-firebasehosting.googleapis.com/upload/sites/bkportfolio/versions/c48f5fcc87077423/files/2402f916fbe6c687cb15b5b9c4b91ae34a919f306d3d6dfb0d96128347fe3d48 [stream]
[debug] [2025-09-13T10:03:11.813Z] <<< [apiv2][status] POST https://upload-firebasehosting.googleapis.com/upload/sites/bkportfolio/versions/c48f5fcc87077423/files/c57d18c6d0d013806e50396b7cdebf9d8d0452db4e5f0e5a24b78657d87a3d63 200
[debug] [2025-09-13T10:03:11.813Z] <<< [apiv2][body] POST https://upload-firebasehosting.googleapis.com/upload/sites/bkportfolio/versions/c48f5fcc87077423/files/c57d18c6d0d013806e50396b7cdebf9d8d0452db4e5f0e5a24b78657d87a3d63 [stream]
[debug] [2025-09-13T10:03:14.199Z] <<< [apiv2][status] POST https://upload-firebasehosting.googleapis.com/upload/sites/bkportfolio/versions/c48f5fcc87077423/files/40428924fe90f08d5c653fd32f62f0d3aa41b933d41170f79c54342f53910f8c 200
[debug] [2025-09-13T10:03:14.199Z] <<< [apiv2][body] POST https://upload-firebasehosting.googleapis.com/upload/sites/bkportfolio/versions/c48f5fcc87077423/files/40428924fe90f08d5c653fd32f62f0d3aa41b933d41170f79c54342f53910f8c [stream]
[debug] [2025-09-13T10:03:14.387Z] <<< [apiv2][status] POST https://upload-firebasehosting.googleapis.com/upload/sites/bkportfolio/versions/c48f5fcc87077423/files/be16b5be6177adcc21a3b44074548e74b4c3641e7f5a460c97dded3355c937b4 200
[debug] [2025-09-13T10:03:14.387Z] <<< [apiv2][body] POST https://upload-firebasehosting.googleapis.com/upload/sites/bkportfolio/versions/c48f5fcc87077423/files/be16b5be6177adcc21a3b44074548e74b4c3641e7f5a460c97dded3355c937b4 [stream]
[debug] [2025-09-13T10:03:15.146Z] <<< [apiv2][status] POST https://upload-firebasehosting.googleapis.com/upload/sites/bkportfolio/versions/c48f5fcc87077423/files/5b3c56edf7d512e2c479cb83068430ba9ca1c5e539888a31cec33947cecfde1e 200
[debug] [2025-09-13T10:03:15.147Z] <<< [apiv2][body] POST https://upload-firebasehosting.googleapis.com/upload/sites/bkportfolio/versions/c48f5fcc87077423/files/5b3c56edf7d512e2c479cb83068430ba9ca1c5e539888a31cec33947cecfde1e [stream]
[debug] [2025-09-13T10:03:15.828Z] <<< [apiv2][status] POST https://upload-firebasehosting.googleapis.com/upload/sites/bkportfolio/versions/c48f5fcc87077423/files/d7759fe47c47c8fba155b669f49fd01484ef7830b0e1f286b973bafc5a57e31e 200
[debug] [2025-09-13T10:03:15.828Z] <<< [apiv2][body] POST https://upload-firebasehosting.googleapis.com/upload/sites/bkportfolio/versions/c48f5fcc87077423/files/d7759fe47c47c8fba155b669f49fd01484ef7830b0e1f286b973bafc5a57e31e [stream]
[debug] [2025-09-13T10:03:17.520Z] <<< [apiv2][status] POST https://upload-firebasehosting.googleapis.com/upload/sites/bkportfolio/versions/c48f5fcc87077423/files/53177942032e848947d506b337b8ff24c4c60e5921d50eaddfa79dd6027f98d1 200
[debug] [2025-09-13T10:03:17.521Z] <<< [apiv2][body] POST https://upload-firebasehosting.googleapis.com/upload/sites/bkportfolio/versions/c48f5fcc87077423/files/53177942032e848947d506b337b8ff24c4c60e5921d50eaddfa79dd6027f98d1 [stream]
[debug] [2025-09-13T10:03:18.496Z] <<< [apiv2][status] POST https://upload-firebasehosting.googleapis.com/upload/sites/bkportfolio/versions/c48f5fcc87077423/files/0b9b6ca9be5e45cca0e6fb9c4efa8ce09738af86e6f610ba6ce557eced6d1353 200
[debug] [2025-09-13T10:03:18.496Z] <<< [apiv2][body] POST https://upload-firebasehosting.googleapis.com/upload/sites/bkportfolio/versions/c48f5fcc87077423/files/0b9b6ca9be5e45cca0e6fb9c4efa8ce09738af86e6f610ba6ce557eced6d1353 [stream]
[debug] [2025-09-13T10:03:18.859Z] <<< [apiv2][status] POST https://upload-firebasehosting.googleapis.com/upload/sites/bkportfolio/versions/c48f5fcc87077423/files/aba3b9241181c5cdb25e5ed79ba65cf6acf3bb4aab06770f2f7ad4061dad27e7 200
[debug] [2025-09-13T10:03:18.859Z] <<< [apiv2][body] POST https://upload-firebasehosting.googleapis.com/upload/sites/bkportfolio/versions/c48f5fcc87077423/files/aba3b9241181c5cdb25e5ed79ba65cf6acf3bb4aab06770f2f7ad4061dad27e7 [stream]
[debug] [2025-09-13T10:03:19.766Z] <<< [apiv2][status] POST https://upload-firebasehosting.googleapis.com/upload/sites/bkportfolio/versions/c48f5fcc87077423/files/e641674cfb1914f8e4a2e66c0becbcd066dea9e01f1e14d38e47c4f393d433be 200
[debug] [2025-09-13T10:03:19.766Z] <<< [apiv2][body] POST https://upload-firebasehosting.googleapis.com/upload/sites/bkportfolio/versions/c48f5fcc87077423/files/e641674cfb1914f8e4a2e66c0becbcd066dea9e01f1e14d38e47c4f393d433be [stream]
[debug] [2025-09-13T10:03:20.707Z] <<< [apiv2][status] POST https://upload-firebasehosting.googleapis.com/upload/sites/bkportfolio/versions/c48f5fcc87077423/files/f1e6b4888cbbabb86c35e285a232276e208e5ea26ad3a28228ce6d20095fe8b0 200
[debug] [2025-09-13T10:03:20.707Z] <<< [apiv2][body] POST https://upload-firebasehosting.googleapis.com/upload/sites/bkportfolio/versions/c48f5fcc87077423/files/f1e6b4888cbbabb86c35e285a232276e208e5ea26ad3a28228ce6d20095fe8b0 [stream]
[debug] [2025-09-13T10:03:25.348Z] <<< [apiv2][status] POST https://upload-firebasehosting.googleapis.com/upload/sites/bkportfolio/versions/c48f5fcc87077423/files/bcbe6d1b32068459ec6a48974254bcc955d3f9d2c6447f74aedd83acc1366b01 200
[debug] [2025-09-13T10:03:25.348Z] <<< [apiv2][body] POST https://upload-firebasehosting.googleapis.com/upload/sites/bkportfolio/versions/c48f5fcc87077423/files/bcbe6d1b32068459ec6a48974254bcc955d3f9d2c6447f74aedd83acc1366b01 [stream]
[debug] [2025-09-13T10:03:25.408Z] <<< [apiv2][status] POST https://upload-firebasehosting.googleapis.com/upload/sites/bkportfolio/versions/c48f5fcc87077423/files/c3c39f8bf6e173f5342d7756424afc2a72235381c46446706c74c2cb44fa14a5 200
[debug] [2025-09-13T10:03:25.408Z] <<< [apiv2][body] POST https://upload-firebasehosting.googleapis.com/upload/sites/bkportfolio/versions/c48f5fcc87077423/files/c3c39f8bf6e173f5342d7756424afc2a72235381c46446706c74c2cb44fa14a5 [stream]
[debug] [2025-09-13T10:03:26.603Z] <<< [apiv2][status] POST https://upload-firebasehosting.googleapis.com/upload/sites/bkportfolio/versions/c48f5fcc87077423/files/52a7da6312a8bea69c0309967e7292443d2e11eb839fe707f02eeb94b44fa3ff 200
[debug] [2025-09-13T10:03:26.604Z] <<< [apiv2][body] POST https://upload-firebasehosting.googleapis.com/upload/sites/bkportfolio/versions/c48f5fcc87077423/files/52a7da6312a8bea69c0309967e7292443d2e11eb839fe707f02eeb94b44fa3ff [stream]
